<?xml version="1.0" encoding="UTF-8"?>
<coverage generated="1540740597675" clover="3.2.0">
  <project timestamp="1540740597676" name="All files">
    <metrics statements="6" coveredstatements="5" conditionals="0" coveredconditionals="0" methods="2" coveredmethods="2" elements="8" coveredelements="7" complexity="0" loc="6" ncloc="6" packages="1" files="1" classes="1">
      <file name="random.ts" path="/Users/maciejkowalczyk/Code/syncano-socket-giphy/src/random.ts">
        <metrics statements="6" coveredstatements="5" conditionals="0" coveredconditionals="0" methods="2" coveredmethods="2"/>
        <line num="13" count="1" type="stmt"/>
        <line num="14" count="1" type="stmt"/>
        <line num="15" count="1" type="stmt"/>
        <line num="16" count="1" type="stmt"/>
        <line num="18" count="0" type="stmt"/>
        <line num="23" count="1" type="stmt"/>
      </file>
    </metrics>
  </project>
</coverage>
