{"/Users/maciejkowalczyk/Code/syncano-socket-giphy/src/random.ts": {"path":"/Users/maciejkowalczyk/Code/syncano-socket-giphy/src/random.ts","statementMap":{"0":{"start":{"line":13,"column":18},"end":{"line":13,"column":28}},"1":{"start":{"line":14,"column":4},"end":{"line":19,"column":5}},"2":{"start":{"line":15,"column":21},"end":{"line":15,"column":50}},"3":{"start":{"line":16,"column":6},"end":{"line":16,"column":25}},"4":{"start":{"line":18,"column":6},"end":{"line":18,"column":30}},"5":{"start":{"line":23,"column":22},"end":{"line":23,"column":39}}},"fnMap":{"0":{"name":"(anonymous_0)","decl":{"start":{"line":9,"column":2},"end":{"line":9,"column":3}},"loc":{"start":{"line":12,"column":4},"end":{"line":20,"column":3}},"line":12},"1":{"name":"(anonymous_1)","decl":{"start":{"line":23,"column":15},"end":{"line":23,"column":16}},"loc":{"start":{"line":23,"column":22},"end":{"line":23,"column":39}},"line":23}},"branchMap":{},"s":{"0":1,"1":1,"2":1,"3":1,"4":0,"5":1},"f":{"0":1,"1":1},"b":{},"_coverageSchema":"332fd63041d2c1bcb487cc26dd0d5f7d97098a6c","hash":"daf2ee33fcb4f253fb2e56dc58a78d344437792d"}
}
